<?xml version="1.0" encoding="UTF-8"?>
<Site BuildName="Win32-MSBuild"
	BuildStamp="20231201-2010-Experimental"
	Name="sheet_of_metal"
	Generator="ctest-3.28.0-rc2"
	CompilerName="C:/Program Files/Microsoft Visual Studio/2022/Community/VC/Tools/MSVC/14.37.32822/bin/Hostx86/x64/cl.exe"
	CompilerVersion="19.37.32824.0"
	OSName="Windows"
	Hostname="sheet_of_metal"
	OSRelease=" Personal"
	OSVersion=" (Build 22621)"
	OSPlatform="AMD64"
	Is64Bits="1"
	VendorString="GenuineIntel"
	VendorID="Intel Corporation"
	FamilyID="6"
	ModelID="10"
	ProcessorCacheSize="-1"
	NumberOfLogicalCPU="20"
	NumberOfPhysicalCPU="14"
	TotalVirtualMemory="37303"
	TotalPhysicalMemory="32439"
	LogicalProcessorsPerPhysical="1"
	ProcessorClockFrequency="2995"
	>
	<Testing>
		<StartDateTime>Dec 01 15:27 Pacific Standard Time</StartDateTime>
		<StartTestTime>1701473272</StartTestTime>
		<TestList/>
		<EndDateTime>Dec 01 15:27 Pacific Standard Time</EndDateTime>
		<EndTestTime>1701473272</EndTestTime>
		<ElapsedMinutes>0</ElapsedMinutes>
	</Testing>
</Site>
